  [4;36;1mSQL (0.0ms)[0m   [0;1m SELECT name
 FROM sqlite_master
 WHERE type = 'table' AND NOT name = 'sqlite_sequence'
[0m
  [4;35;1mSQL (0.0ms)[0m   [0mselect sqlite_version(*)[0m
  [4;36;1mSQL (109.0ms)[0m   [0;1mCREATE TABLE "schema_migrations" ("version" varchar(255) NOT NULL) [0m
  [4;35;1mSQL (63.0ms)[0m   [0mCREATE UNIQUE INDEX "unique_schema_migrations" ON "schema_migrations" ("version")[0m
  [4;36;1mSQL (0.0ms)[0m   [0;1m SELECT name
 FROM sqlite_master
 WHERE type = 'table' AND NOT name = 'sqlite_sequence'
[0m
  [4;35;1mSQL (0.0ms)[0m   [0mSELECT version FROM schema_migrations[0m
Migrating to CreateCompanies (20090725142010)
  [4;36;1mSQL (0.0ms)[0m   [0;1mCREATE TABLE "companies" ("id" INTEGER PRIMARY KEY AUTOINCREMENT NOT NULL, "name" varchar(255), "abn" varchar(255), "address1" varchar(255), "address2" varchar(255), "town" varchar(255), "state" varchar(255), "postcode" varchar(255), "pref_type" varchar(255), "phone" varchar(255), "created_at" datetime, "updated_at" datetime) [0m
  [4;35;1mCompany Create (0.0ms)[0m   [0mINSERT INTO "companies" ("name", "address1", "address2", "updated_at", "abn", "postcode", "pref_type", "town", "phone", "state", "created_at") VALUES('Admin_t', 'Admin', 'Admin', '2009-07-25 14:35:25', '1245', '1234', 'Truck', 'Admin', '0712541125', 'QLD', '2009-07-25 14:35:25')[0m
  [4;36;1mCompany Create (0.0ms)[0m   [0;1mINSERT INTO "companies" ("name", "address1", "address2", "updated_at", "abn", "postcode", "pref_type", "town", "phone", "state", "created_at") VALUES('Admin_g', 'Admin', 'Admin', '2009-07-25 14:35:25', '1246', '1234', 'Contract', 'Admin', '0712541126', 'QLD', '2009-07-25 14:35:25')[0m
  [4;35;1mSQL (0.0ms)[0m   [0mINSERT INTO schema_migrations (version) VALUES ('20090725142010')[0m
Migrating to CreateUsers (20090725142018)
  [4;36;1mSQL (0.0ms)[0m   [0;1m SELECT name
 FROM sqlite_master
 WHERE type = 'table' AND NOT name = 'sqlite_sequence'
[0m
  [4;35;1mSQL (0.0ms)[0m   [0mCREATE TABLE "users" ("id" INTEGER PRIMARY KEY AUTOINCREMENT NOT NULL, "login" varchar(100), "crypted_password" varchar(40), "salt" varchar(40), "created_at" datetime, "updated_at" datetime, "remember_token" varchar(40), "remember_token_expires_at" datetime, "activation_code" varchar(40), "activated_at" datetime, "last_action" datetime, "ip_address" varchar(255), "company" reference) [0m
  [4;36;1mSQL (0.0ms)[0m   [0;1mCREATE UNIQUE INDEX "index_users_on_login" ON "users" ("login")[0m
  [4;35;1mSQL (0.0ms)[0m   [0mINSERT INTO schema_migrations (version) VALUES ('20090725142018')[0m
Migrating to CreateLoads (20090725142030)
  [4;36;1mSQL (0.0ms)[0m   [0;1mSET SQL_AUTO_IS_NULL=0[0m
  [4;35;1mSQL (0.0ms)[0m   [0mSHOW TABLES[0m
  [4;36;1mSQL (469.0ms)[0m   [0;1mCREATE TABLE `schema_migrations` (`version` varchar(255) NOT NULL) ENGINE=InnoDB[0m
  [4;35;1mSQL (250.0ms)[0m   [0mCREATE UNIQUE INDEX `unique_schema_migrations` ON `schema_migrations` (`version`)[0m
  [4;36;1mSQL (0.0ms)[0m   [0;1mSHOW TABLES[0m
  [4;35;1mSQL (16.0ms)[0m   [0mSELECT version FROM schema_migrations[0m
Migrating to CreateCompanies (20090725142010)
  [4;36;1mSQL (125.0ms)[0m   [0;1mCREATE TABLE `companies` (`id` int(11) DEFAULT NULL auto_increment PRIMARY KEY, `name` varchar(255), `abn` varchar(255), `address1` varchar(255), `address2` varchar(255), `town` varchar(255), `state` varchar(255), `postcode` varchar(255), `pref_type` varchar(255), `phone` varchar(255), `created_at` datetime, `updated_at` datetime) ENGINE=InnoDB[0m
  [4;35;1mCompany Columns (15.0ms)[0m   [0mSHOW FIELDS FROM `companies`[0m
  [4;36;1mSQL (0.0ms)[0m   [0;1mBEGIN[0m
  [4;35;1mCompany Create (62.0ms)[0m   [0mINSERT INTO `companies` (`name`, `address1`, `address2`, `updated_at`, `abn`, `postcode`, `pref_type`, `town`, `phone`, `state`, `created_at`) VALUES('Admin_t', 'Admin', 'Admin', '2009-07-25 14:38:06', '1245', '1234', 'Truck', 'Admin', '0712541125', 'QLD', '2009-07-25 14:38:06')[0m
  [4;36;1mSQL (47.0ms)[0m   [0;1mCOMMIT[0m
  [4;35;1mSQL (0.0ms)[0m   [0mBEGIN[0m
  [4;36;1mCompany Create (0.0ms)[0m   [0;1mINSERT INTO `companies` (`name`, `address1`, `address2`, `updated_at`, `abn`, `postcode`, `pref_type`, `town`, `phone`, `state`, `created_at`) VALUES('Admin_g', 'Admin', 'Admin', '2009-07-25 14:38:07', '1246', '1234', 'Contract', 'Admin', '0712541126', 'QLD', '2009-07-25 14:38:07')[0m
  [4;35;1mSQL (31.0ms)[0m   [0mCOMMIT[0m
  [4;36;1mSQL (32.0ms)[0m   [0;1mINSERT INTO schema_migrations (version) VALUES ('20090725142010')[0m
Migrating to CreateUsers (20090725142018)
  [4;35;1mSQL (0.0ms)[0m   [0mSHOW TABLES[0m
  [4;36;1mSQL (0.0ms)[0m   [0;1mMysql::Error: You have an error in your SQL syntax; check the manual that corresponds to your MySQL server version for the right syntax to use near 'references) ENGINE=InnoDB' at line 1: CREATE TABLE `users` (`id` int(11) DEFAULT NULL auto_increment PRIMARY KEY, `login` varchar(100), `crypted_password` varchar(40), `salt` varchar(40), `created_at` datetime, `updated_at` datetime, `remember_token` varchar(40), `remember_token_expires_at` datetime, `activation_code` varchar(40), `activated_at` datetime, `last_action` datetime, `ip_address` varchar(255), `company` references) ENGINE=InnoDB[0m
  [4;36;1mSQL (0.0ms)[0m   [0;1mSET SQL_AUTO_IS_NULL=0[0m
  [4;35;1mSQL (0.0ms)[0m   [0mSHOW TABLES[0m
  [4;36;1mSQL (0.0ms)[0m   [0;1mSELECT version FROM schema_migrations[0m
Migrating to CreateCompanies (20090725142010)
Migrating to CreateUsers (20090725142018)
  [4;35;1mSQL (0.0ms)[0m   [0mSHOW TABLES[0m
  [4;36;1mSQL (359.0ms)[0m   [0;1mCREATE TABLE `users` (`id` int(11) DEFAULT NULL auto_increment PRIMARY KEY, `login` varchar(100), `crypted_password` varchar(40), `salt` varchar(40), `created_at` datetime, `updated_at` datetime, `remember_token` varchar(40), `remember_token_expires_at` datetime, `activation_code` varchar(40), `activated_at` datetime, `last_action` datetime, `ip_address` varchar(255), `company_id` int(11)) ENGINE=InnoDB[0m
  [4;35;1mSQL (203.0ms)[0m   [0mCREATE UNIQUE INDEX `index_users_on_login` ON `users` (`login`)[0m
  [4;36;1mSQL (16.0ms)[0m   [0;1mINSERT INTO schema_migrations (version) VALUES ('20090725142018')[0m
Migrating to CreateLoads (20090725142030)
  [4;35;1mSQL (63.0ms)[0m   [0mCREATE TABLE `loads` (`id` int(11) DEFAULT NULL auto_increment PRIMARY KEY, `load_type` varchar(255), `start_loc` varchar(255), `start_pos` varchar(255), `end_loc` varchar(255), `end_pos` varchar(255), `start_date` date, `end_date` date, `am_load` int(11) DEFAULT 0, `company_id` int(11), `filled` tinyint(1) DEFAULT 0, `deleted` tinyint(1) DEFAULT 0, `comment` varchar(255), `created_at` datetime, `updated_at` datetime) ENGINE=InnoDB[0m
  [4;36;1mSQL (16.0ms)[0m   [0;1mINSERT INTO schema_migrations (version) VALUES ('20090725142030')[0m
  [4;35;1mSQL (0.0ms)[0m   [0mSHOW TABLES[0m
  [4;36;1mSQL (15.0ms)[0m   [0;1mSELECT version FROM schema_migrations[0m
  [4;35;1mSQL (0.0ms)[0m   [0mSHOW TABLES[0m
  [4;36;1mSQL (0.0ms)[0m   [0;1mSHOW FIELDS FROM `companies`[0m
  [4;35;1mSQL (0.0ms)[0m   [0mdescribe `companies`[0m
  [4;36;1mSQL (0.0ms)[0m   [0;1mSHOW KEYS FROM `companies`[0m
  [4;35;1mSQL (0.0ms)[0m   [0mSHOW FIELDS FROM `loads`[0m
  [4;36;1mSQL (0.0ms)[0m   [0;1mdescribe `loads`[0m
  [4;35;1mSQL (0.0ms)[0m   [0mSHOW KEYS FROM `loads`[0m
  [4;36;1mSQL (16.0ms)[0m   [0;1mSHOW FIELDS FROM `users`[0m
  [4;35;1mSQL (0.0ms)[0m   [0mdescribe `users`[0m
  [4;36;1mSQL (0.0ms)[0m   [0;1mSHOW KEYS FROM `users`[0m
